\BOOKMARK [0][-]{chapter*.1}{Remerciements\204Acknowledgements}{}% 1
\BOOKMARK [0][-]{chapter*.3}{General introduction}{}% 2
\BOOKMARK [0][-]{chapter*.4}{Summary}{}% 3
\BOOKMARK [0][-]{chapter.1}{Dynamics of the Electricity Day-Ahead Market : Supply Function Equilibria and Ramping Costs}{}% 4
\BOOKMARK [1][-]{section.1.1}{Introduction}{chapter.1}% 5
\BOOKMARK [1][-]{section.1.2}{Heuristic Description of the Model}{chapter.1}% 6
\BOOKMARK [1][-]{section.1.3}{Stochastic Dynamics}{chapter.1}% 7
\BOOKMARK [2][-]{subsection.1.3.1}{The stochastic process}{section.1.3}% 8
\BOOKMARK [2][-]{subsection.1.3.2}{The ramping costs}{section.1.3}% 9
\BOOKMARK [2][-]{subsection.1.3.3}{Discussion of the approximations}{section.1.3}% 10
\BOOKMARK [2][-]{subsection.1.3.4}{The maximisation program}{section.1.3}% 11
\BOOKMARK [1][-]{section.1.4}{The Monopoly}{chapter.1}% 12
\BOOKMARK [1][-]{section.1.5}{The Symmetric Oligopoly}{chapter.1}% 13
\BOOKMARK [1][-]{section.1.6}{Dynamic behavior of the bids}{chapter.1}% 14
\BOOKMARK [2][-]{subsection.1.6.1}{Results}{section.1.6}% 15
\BOOKMARK [1][-]{section.1.7}{Discussion}{chapter.1}% 16
\BOOKMARK [1][-]{section.1.8}{Concluding Remarks}{chapter.1}% 17
\BOOKMARK [0][-]{section*.15}{Appendix}{}% 18
\BOOKMARK [1][-]{section.a.1.A}{Appendix Proof of Proposition 1.4.1 }{section*.15}% 19
\BOOKMARK [1][-]{section.a.1.B}{Appendix Proof of Proposition 1.5.1 }{section*.15}% 20
\BOOKMARK [1][-]{section.a.1.C}{Appendix Proof of proposition 1.6.1}{section*.15}% 21
\BOOKMARK [1][-]{section.a.1.D}{Appendix Proof of proposition 1.6.2}{section*.15}% 22
\BOOKMARK [0][-]{chapter.2}{Investigating the Impact of Uncertainty on Firms with Dynamic Costs : A Case Study of the French Electricity Market}{}% 23
\BOOKMARK [1][-]{subsection.2.0.1}{Literature review and contribution}{chapter.2}% 24
\BOOKMARK [2][-]{subsection.2.0.2}{Theoretical prediction}{subsection.2.0.1}% 25
\BOOKMARK [1][-]{section.2.1}{The EPEX spot market}{chapter.2}% 26
\BOOKMARK [2][-]{subsection.2.1.1}{General background}{section.2.1}% 27
\BOOKMARK [2][-]{subsection.2.1.2}{Auction rules and mechanism}{section.2.1}% 28
\BOOKMARK [1][-]{section.2.2}{Our data explained}{chapter.2}% 29
\BOOKMARK [1][-]{section.2.3}{The economic model}{chapter.2}% 30
\BOOKMARK [1][-]{section.2.4}{The political model}{chapter.2}% 31
\BOOKMARK [1][-]{section.2.5}{Property rights institutions}{chapter.2}% 32
\BOOKMARK [1][-]{section.2.6}{Conclusion}{chapter.2}% 33
\BOOKMARK [0][-]{section*.22}{Appendix}{}% 34
\BOOKMARK [1][-]{section.b.2.A}{Appendix Feasible investments \(proof of Prop. n\260\)}{section*.22}% 35
\BOOKMARK [0][-]{chapter*.23}{References}{}% 36
\BOOKMARK [0][-]{section*.24}{List of Figures}{}% 37
